{"/Users/justinguan/Desktop/HR/HRSF127/projects/Justin_AirBnB_Service/client/src/components/App.jsx": {"path":"/Users/justinguan/Desktop/HR/HRSF127/projects/Justin_AirBnB_Service/client/src/components/App.jsx","statementMap":{"0":{"start":{"line":10,"column":4},"end":{"line":10,"column":17}},"1":{"start":{"line":11,"column":4},"end":{"line":21,"column":6}},"2":{"start":{"line":22,"column":4},"end":{"line":22,"column":61}},"3":{"start":{"line":23,"column":4},"end":{"line":23,"column":53}},"4":{"start":{"line":24,"column":4},"end":{"line":24,"column":69}},"5":{"start":{"line":28,"column":4},"end":{"line":28,"column":20}},"6":{"start":{"line":32,"column":4},"end":{"line":39,"column":31}},"7":{"start":{"line":34,"column":8},"end":{"line":37,"column":11}},"8":{"start":{"line":43,"column":4},"end":{"line":43,"column":23}},"9":{"start":{"line":47,"column":4},"end":{"line":49,"column":7}},"10":{"start":{"line":54,"column":4},"end":{"line":54,"column":31}},"11":{"start":{"line":55,"column":4},"end":{"line":57,"column":7}},"12":{"start":{"line":61,"column":4},"end":{"line":61,"column":39}},"13":{"start":{"line":62,"column":4},"end":{"line":64,"column":7}},"14":{"start":{"line":70,"column":4},"end":{"line":70,"column":56}},"15":{"start":{"line":71,"column":4},"end":{"line":96,"column":6}}},"fnMap":{"0":{"name":"(anonymous_0)","decl":{"start":{"line":9,"column":2},"end":{"line":9,"column":3}},"loc":{"start":{"line":9,"column":21},"end":{"line":25,"column":3}},"line":9},"1":{"name":"(anonymous_1)","decl":{"start":{"line":27,"column":2},"end":{"line":27,"column":3}},"loc":{"start":{"line":27,"column":22},"end":{"line":29,"column":3}},"line":27},"2":{"name":"(anonymous_2)","decl":{"start":{"line":31,"column":2},"end":{"line":31,"column":3}},"loc":{"start":{"line":31,"column":13},"end":{"line":40,"column":3}},"line":31},"3":{"name":"(anonymous_3)","decl":{"start":{"line":33,"column":12},"end":{"line":33,"column":13}},"loc":{"start":{"line":33,"column":26},"end":{"line":38,"column":7}},"line":33},"4":{"name":"(anonymous_4)","decl":{"start":{"line":42,"column":2},"end":{"line":42,"column":3}},"loc":{"start":{"line":42,"column":21},"end":{"line":44,"column":3}},"line":42},"5":{"name":"(anonymous_5)","decl":{"start":{"line":46,"column":2},"end":{"line":46,"column":3}},"loc":{"start":{"line":46,"column":21},"end":{"line":50,"column":3}},"line":46},"6":{"name":"(anonymous_6)","decl":{"start":{"line":53,"column":2},"end":{"line":53,"column":3}},"loc":{"start":{"line":53,"column":25},"end":{"line":58,"column":3}},"line":53},"7":{"name":"(anonymous_7)","decl":{"start":{"line":60,"column":2},"end":{"line":60,"column":3}},"loc":{"start":{"line":60,"column":18},"end":{"line":65,"column":3}},"line":60},"8":{"name":"(anonymous_8)","decl":{"start":{"line":67,"column":2},"end":{"line":67,"column":3}},"loc":{"start":{"line":67,"column":11},"end":{"line":97,"column":3}},"line":67}},"branchMap":{"0":{"loc":{"start":{"line":74,"column":11},"end":{"line":93,"column":13}},"type":"cond-expr","locations":[{"start":{"line":76,"column":14},"end":{"line":82,"column":16}},{"start":{"line":85,"column":14},"end":{"line":92,"column":16}}],"line":74}},"s":{"0":2,"1":2,"2":2,"3":2,"4":2,"5":3,"6":4,"7":0,"8":1,"9":0,"10":0,"11":0,"12":0,"13":0,"14":2,"15":2},"f":{"0":2,"1":3,"2":4,"3":0,"4":1,"5":0,"6":0,"7":0,"8":2},"b":{"0":[2,0]},"_coverageSchema":"1a1c01bbd47fc00a2c39e90264f33305004495a9","hash":"c035b8216649283e0cc50b0b06040a7d9c93768e"}
,"/Users/justinguan/Desktop/HR/HRSF127/projects/Justin_AirBnB_Service/client/src/components/MainGallery.jsx": {"path":"/Users/justinguan/Desktop/HR/HRSF127/projects/Justin_AirBnB_Service/client/src/components/MainGallery.jsx","statementMap":{"0":{"start":{"line":4,"column":17},"end":{"line":12,"column":1}},"1":{"start":{"line":14,"column":17},"end":{"line":25,"column":2}},"2":{"start":{"line":27,"column":18},"end":{"line":39,"column":2}},"3":{"start":{"line":40,"column":18},"end":{"line":52,"column":2}},"4":{"start":{"line":53,"column":18},"end":{"line":65,"column":2}},"5":{"start":{"line":66,"column":18},"end":{"line":77,"column":2}},"6":{"start":{"line":79,"column":17},"end":{"line":91,"column":1}},"7":{"start":{"line":93,"column":16},"end":{"line":105,"column":1}},"8":{"start":{"line":107,"column":16},"end":{"line":119,"column":1}},"9":{"start":{"line":124,"column":4},"end":{"line":124,"column":17}},"10":{"start":{"line":128,"column":4},"end":{"line":158,"column":6}}},"fnMap":{"0":{"name":"(anonymous_0)","decl":{"start":{"line":123,"column":2},"end":{"line":123,"column":3}},"loc":{"start":{"line":123,"column":21},"end":{"line":125,"column":3}},"line":123},"1":{"name":"(anonymous_1)","decl":{"start":{"line":127,"column":2},"end":{"line":127,"column":3}},"loc":{"start":{"line":127,"column":11},"end":{"line":159,"column":3}},"line":127}},"branchMap":{},"s":{"0":2,"1":2,"2":2,"3":2,"4":2,"5":2,"6":2,"7":2,"8":2,"9":4,"10":4},"f":{"0":4,"1":4},"b":{},"_coverageSchema":"1a1c01bbd47fc00a2c39e90264f33305004495a9","hash":"d7d37d890454912593ec40c35226942d916b2ffe"}
,"/Users/justinguan/Desktop/HR/HRSF127/projects/Justin_AirBnB_Service/client/src/components/Svg.jsx": {"path":"/Users/justinguan/Desktop/HR/HRSF127/projects/Justin_AirBnB_Service/client/src/components/Svg.jsx","statementMap":{"0":{"start":{"line":4,"column":12},"end":{"line":34,"column":1}},"1":{"start":{"line":5,"column":2},"end":{"line":33,"column":3}}},"fnMap":{"0":{"name":"(anonymous_0)","decl":{"start":{"line":4,"column":12},"end":{"line":4,"column":13}},"loc":{"start":{"line":4,"column":23},"end":{"line":34,"column":1}},"line":4}},"branchMap":{},"s":{"0":2,"1":0},"f":{"0":0},"b":{},"_coverageSchema":"1a1c01bbd47fc00a2c39e90264f33305004495a9","hash":"d5fa59a46b76183bdffa30eb09b1985a9a0f02a1"}
,"/Users/justinguan/Desktop/HR/HRSF127/projects/Justin_AirBnB_Service/client/src/components/ViewPhotos.jsx": {"path":"/Users/justinguan/Desktop/HR/HRSF127/projects/Justin_AirBnB_Service/client/src/components/ViewPhotos.jsx","statementMap":{"0":{"start":{"line":10,"column":19},"end":{"line":18,"column":1}},"1":{"start":{"line":20,"column":23},"end":{"line":26,"column":1}},"2":{"start":{"line":28,"column":30},"end":{"line":34,"column":1}},"3":{"start":{"line":36,"column":19},"end":{"line":46,"column":1}},"4":{"start":{"line":48,"column":20},"end":{"line":58,"column":1}},"5":{"start":{"line":63,"column":4},"end":{"line":63,"column":17}},"6":{"start":{"line":64,"column":4},"end":{"line":66,"column":6}},"7":{"start":{"line":67,"column":4},"end":{"line":67,"column":43}},"8":{"start":{"line":68,"column":4},"end":{"line":68,"column":47}},"9":{"start":{"line":72,"column":4},"end":{"line":72,"column":35}},"10":{"start":{"line":73,"column":4},"end":{"line":81,"column":5}},"11":{"start":{"line":74,"column":6},"end":{"line":76,"column":9}},"12":{"start":{"line":78,"column":6},"end":{"line":80,"column":9}},"13":{"start":{"line":85,"column":4},"end":{"line":93,"column":5}},"14":{"start":{"line":86,"column":6},"end":{"line":88,"column":9}},"15":{"start":{"line":90,"column":6},"end":{"line":92,"column":9}},"16":{"start":{"line":97,"column":4},"end":{"line":97,"column":33}},"17":{"start":{"line":98,"column":4},"end":{"line":126,"column":6}}},"fnMap":{"0":{"name":"(anonymous_0)","decl":{"start":{"line":62,"column":2},"end":{"line":62,"column":3}},"loc":{"start":{"line":62,"column":21},"end":{"line":69,"column":3}},"line":62},"1":{"name":"(anonymous_1)","decl":{"start":{"line":71,"column":2},"end":{"line":71,"column":3}},"loc":{"start":{"line":71,"column":14},"end":{"line":82,"column":3}},"line":71},"2":{"name":"(anonymous_2)","decl":{"start":{"line":84,"column":2},"end":{"line":84,"column":3}},"loc":{"start":{"line":84,"column":12},"end":{"line":94,"column":3}},"line":84},"3":{"name":"(anonymous_3)","decl":{"start":{"line":96,"column":2},"end":{"line":96,"column":3}},"loc":{"start":{"line":96,"column":11},"end":{"line":127,"column":3}},"line":96}},"branchMap":{"0":{"loc":{"start":{"line":73,"column":4},"end":{"line":81,"column":5}},"type":"if","locations":[{"start":{"line":73,"column":4},"end":{"line":81,"column":5}},{"start":{"line":73,"column":4},"end":{"line":81,"column":5}}],"line":73},"1":{"loc":{"start":{"line":85,"column":4},"end":{"line":93,"column":5}},"type":"if","locations":[{"start":{"line":85,"column":4},"end":{"line":93,"column":5}},{"start":{"line":85,"column":4},"end":{"line":93,"column":5}}],"line":85}},"s":{"0":2,"1":2,"2":2,"3":2,"4":2,"5":2,"6":2,"7":2,"8":2,"9":0,"10":0,"11":0,"12":0,"13":0,"14":0,"15":0,"16":2,"17":2},"f":{"0":2,"1":0,"2":0,"3":2},"b":{"0":[0,0],"1":[0,0]},"_coverageSchema":"1a1c01bbd47fc00a2c39e90264f33305004495a9","hash":"5bf4db104d1a52ccedeb753824681bb1417521e3"}
,"/Users/justinguan/Desktop/HR/HRSF127/projects/Justin_AirBnB_Service/client/src/components/ViewPhotosMini.jsx": {"path":"/Users/justinguan/Desktop/HR/HRSF127/projects/Justin_AirBnB_Service/client/src/components/ViewPhotosMini.jsx","statementMap":{"0":{"start":{"line":5,"column":16},"end":{"line":9,"column":1}},"1":{"start":{"line":10,"column":17},"end":{"line":17,"column":1}},"2":{"start":{"line":21,"column":2},"end":{"line":41,"column":3}},"3":{"start":{"line":22,"column":4},"end":{"line":30,"column":6}},"4":{"start":{"line":32,"column":4},"end":{"line":40,"column":6}}},"fnMap":{"0":{"name":"ViewPhotosmini","decl":{"start":{"line":19,"column":24},"end":{"line":19,"column":38}},"loc":{"start":{"line":19,"column":46},"end":{"line":42,"column":1}},"line":19}},"branchMap":{"0":{"loc":{"start":{"line":21,"column":2},"end":{"line":41,"column":3}},"type":"if","locations":[{"start":{"line":21,"column":2},"end":{"line":41,"column":3}},{"start":{"line":21,"column":2},"end":{"line":41,"column":3}}],"line":21}},"s":{"0":2,"1":2,"2":0,"3":0,"4":0},"f":{"0":0},"b":{"0":[0,0]},"_coverageSchema":"1a1c01bbd47fc00a2c39e90264f33305004495a9","hash":"50a5b1a15053000cd3abc9c8ff67f68bfdaada52"}
,"/Users/justinguan/Desktop/HR/HRSF127/projects/Justin_AirBnB_Service/testing/sum.js": {"path":"/Users/justinguan/Desktop/HR/HRSF127/projects/Justin_AirBnB_Service/testing/sum.js","statementMap":{"0":{"start":{"line":2,"column":2},"end":{"line":2,"column":15}},"1":{"start":{"line":4,"column":0},"end":{"line":4,"column":20}}},"fnMap":{"0":{"name":"sum","decl":{"start":{"line":1,"column":9},"end":{"line":1,"column":12}},"loc":{"start":{"line":1,"column":19},"end":{"line":3,"column":1}},"line":1}},"branchMap":{},"s":{"0":1,"1":1},"f":{"0":1},"b":{},"_coverageSchema":"1a1c01bbd47fc00a2c39e90264f33305004495a9","hash":"9ba7962c8fba26542121bb7be9267505f8e7c823"}
}
