TN:
SF:client/src/components/App.jsx
FN:9,(anonymous_0)
FN:27,(anonymous_1)
FN:31,(anonymous_2)
FN:33,(anonymous_3)
FN:42,(anonymous_4)
FN:46,(anonymous_5)
FN:53,(anonymous_6)
FN:60,(anonymous_7)
FN:67,(anonymous_8)
FNF:9
FNH:5
FNDA:2,(anonymous_0)
FNDA:3,(anonymous_1)
FNDA:4,(anonymous_2)
FNDA:0,(anonymous_3)
FNDA:1,(anonymous_4)
FNDA:0,(anonymous_5)
FNDA:0,(anonymous_6)
FNDA:0,(anonymous_7)
FNDA:2,(anonymous_8)
DA:10,2
DA:11,2
DA:22,2
DA:23,2
DA:24,2
DA:28,3
DA:32,4
DA:34,0
DA:43,1
DA:47,0
DA:54,0
DA:55,0
DA:61,0
DA:62,0
DA:70,2
DA:71,2
LF:16
LH:10
BRDA:74,0,0,2
BRDA:74,0,1,0
BRF:2
BRH:1
end_of_record
TN:
SF:client/src/components/MainGallery.jsx
FN:123,(anonymous_0)
FN:127,(anonymous_1)
FNF:2
FNH:2
FNDA:4,(anonymous_0)
FNDA:4,(anonymous_1)
DA:4,2
DA:14,2
DA:27,2
DA:40,2
DA:53,2
DA:66,2
DA:79,2
DA:93,2
DA:107,2
DA:124,4
DA:128,4
LF:11
LH:11
BRF:0
BRH:0
end_of_record
TN:
SF:client/src/components/Svg.jsx
FN:4,(anonymous_0)
FNF:1
FNH:0
FNDA:0,(anonymous_0)
DA:4,2
DA:5,0
LF:2
LH:1
BRF:0
BRH:0
end_of_record
TN:
SF:client/src/components/ViewPhotos.jsx
FN:62,(anonymous_0)
FN:71,(anonymous_1)
FN:84,(anonymous_2)
FN:96,(anonymous_3)
FNF:4
FNH:2
FNDA:2,(anonymous_0)
FNDA:0,(anonymous_1)
FNDA:0,(anonymous_2)
FNDA:2,(anonymous_3)
DA:10,2
DA:20,2
DA:28,2
DA:36,2
DA:48,2
DA:63,2
DA:64,2
DA:67,2
DA:68,2
DA:72,0
DA:73,0
DA:74,0
DA:78,0
DA:85,0
DA:86,0
DA:90,0
DA:97,2
DA:98,2
LF:18
LH:11
BRDA:73,0,0,0
BRDA:73,0,1,0
BRDA:85,1,0,0
BRDA:85,1,1,0
BRF:4
BRH:0
end_of_record
TN:
SF:client/src/components/ViewPhotosMini.jsx
FN:19,ViewPhotosmini
FNF:1
FNH:0
FNDA:0,ViewPhotosmini
DA:5,2
DA:10,2
DA:21,0
DA:22,0
DA:32,0
LF:5
LH:2
BRDA:21,0,0,0
BRDA:21,0,1,0
BRF:2
BRH:0
end_of_record
TN:
SF:testing/sum.js
FN:1,sum
FNF:1
FNH:1
FNDA:1,sum
DA:2,1
DA:4,1
LF:2
LH:2
BRF:0
BRH:0
end_of_record
